[22-Apr-2020 21:42:19 Asia/Shanghai] PHP Warning:  Invalid argument supplied for foreach() in /code/php/pinche/core/mysql.class.php on line 95
[22-Apr-2020 21:42:28 Asia/Shanghai] PHP Warning:  Invalid argument supplied for foreach() in /code/php/pinche/core/mysql.class.php on line 95
[22-Apr-2020 21:42:53 Asia/Shanghai] PHP Warning:  Invalid argument supplied for foreach() in /code/php/pinche/core/mysql.class.php on line 95
[22-Apr-2020 21:42:59 Asia/Shanghai] PHP Warning:  Invalid argument supplied for foreach() in /code/php/pinche/core/mysql.class.php on line 95
[22-Apr-2020 22:10:16 Asia/Shanghai] PHP Warning:  Invalid argument supplied for foreach() in /code/php/pinche/core/mysql.class.php on line 95
[22-Apr-2020 22:10:34 Asia/Shanghai] PHP Warning:  Invalid argument supplied for foreach() in /code/php/pinche/core/mysql.class.php on line 95
[22-Apr-2020 22:10:47 Asia/Shanghai] PHP Warning:  Invalid argument supplied for foreach() in /code/php/pinche/core/mysql.class.php on line 95
[22-Apr-2020 22:10:58 Asia/Shanghai] PHP Warning:  Invalid argument supplied for foreach() in /code/php/pinche/core/mysql.class.php on line 95
[22-Apr-2020 22:11:35 Asia/Shanghai] PHP Warning:  Invalid argument supplied for foreach() in /code/php/pinche/core/mysql.class.php on line 95
[22-Apr-2020 22:11:44 Asia/Shanghai] PHP Warning:  Invalid argument supplied for foreach() in /code/php/pinche/core/mysql.class.php on line 95
[22-Apr-2020 22:12:10 Asia/Shanghai] PHP Warning:  Invalid argument supplied for foreach() in /code/php/pinche/core/mysql.class.php on line 95
[22-Apr-2020 22:12:59 Asia/Shanghai] PHP Warning:  Invalid argument supplied for foreach() in /code/php/pinche/core/mysql.class.php on line 95
[22-Apr-2020 22:13:13 Asia/Shanghai] PHP Warning:  Invalid argument supplied for foreach() in /code/php/pinche/core/mysql.class.php on line 95
[22-Apr-2020 22:13:22 Asia/Shanghai] PHP Warning:  Invalid argument supplied for foreach() in /code/php/pinche/core/mysql.class.php on line 95
[22-Apr-2020 22:18:00 Asia/Shanghai] PHP Warning:  Invalid argument supplied for foreach() in /code/php/pinche/core/mysql.class.php on line 95
[22-Apr-2020 22:18:12 Asia/Shanghai] PHP Warning:  Invalid argument supplied for foreach() in /code/php/pinche/core/mysql.class.php on line 95
[22-Apr-2020 22:18:34 Asia/Shanghai] PHP Warning:  Invalid argument supplied for foreach() in /code/php/pinche/core/mysql.class.php on line 95
[22-Apr-2020 22:20:20 Asia/Shanghai] PHP Warning:  Invalid argument supplied for foreach() in /code/php/pinche/core/mysql.class.php on line 95
[22-Apr-2020 22:22:57 Asia/Shanghai] PHP Warning:  Invalid argument supplied for foreach() in /code/php/pinche/core/mysql.class.php on line 95
[22-Apr-2020 22:23:15 Asia/Shanghai] PHP Warning:  Invalid argument supplied for foreach() in /code/php/pinche/core/mysql.class.php on line 95
[22-Apr-2020 22:40:56 Asia/Shanghai] PHP Warning:  Invalid argument supplied for foreach() in /code/php/pinche/core/mysql.class.php on line 95
[22-Apr-2020 22:42:01 Asia/Shanghai] PHP Warning:  Invalid argument supplied for foreach() in /code/php/pinche/core/mysql.class.php on line 95
[22-Apr-2020 22:42:18 Asia/Shanghai] PHP Warning:  Invalid argument supplied for foreach() in /code/php/pinche/core/mysql.class.php on line 95
[22-Apr-2020 22:43:08 Asia/Shanghai] PHP Warning:  Invalid argument supplied for foreach() in /code/php/pinche/core/mysql.class.php on line 95
[22-Apr-2020 22:43:09 Asia/Shanghai] PHP Warning:  Invalid argument supplied for foreach() in /code/php/pinche/core/mysql.class.php on line 95
[22-Apr-2020 22:43:10 Asia/Shanghai] PHP Warning:  Invalid argument supplied for foreach() in /code/php/pinche/core/mysql.class.php on line 95
[22-Apr-2020 22:43:15 Asia/Shanghai] PHP Warning:  Invalid argument supplied for foreach() in /code/php/pinche/core/mysql.class.php on line 95
[22-Apr-2020 22:43:30 Asia/Shanghai] PHP Warning:  Invalid argument supplied for foreach() in /code/php/pinche/core/mysql.class.php on line 95
[22-Apr-2020 22:43:35 Asia/Shanghai] PHP Warning:  Invalid argument supplied for foreach() in /code/php/pinche/core/mysql.class.php on line 95
[22-Apr-2020 22:43:59 Asia/Shanghai] PHP Warning:  Invalid argument supplied for foreach() in /code/php/pinche/core/mysql.class.php on line 95
[22-Apr-2020 22:47:50 Asia/Shanghai] PHP Warning:  Invalid argument supplied for foreach() in /code/php/pinche/core/mysql.class.php on line 95
[22-Apr-2020 22:48:01 Asia/Shanghai] PHP Warning:  Invalid argument supplied for foreach() in /code/php/pinche/core/mysql.class.php on line 95
[22-Apr-2020 22:48:04 Asia/Shanghai] PHP Warning:  Invalid argument supplied for foreach() in /code/php/pinche/core/mysql.class.php on line 95
[22-Apr-2020 22:48:33 Asia/Shanghai] PHP Warning:  Invalid argument supplied for foreach() in /code/php/pinche/core/mysql.class.php on line 95
[22-Apr-2020 22:49:46 Asia/Shanghai] PHP Warning:  Invalid argument supplied for foreach() in /code/php/pinche/core/mysql.class.php on line 95
[22-Apr-2020 22:49:54 Asia/Shanghai] PHP Warning:  Invalid argument supplied for foreach() in /code/php/pinche/core/mysql.class.php on line 95
[22-Apr-2020 22:50:13 Asia/Shanghai] PHP Warning:  Invalid argument supplied for foreach() in /code/php/pinche/core/mysql.class.php on line 95
[22-Apr-2020 22:50:20 Asia/Shanghai] PHP Warning:  Invalid argument supplied for foreach() in /code/php/pinche/core/mysql.class.php on line 95
[22-Apr-2020 22:51:16 Asia/Shanghai] PHP Warning:  Invalid argument supplied for foreach() in /code/php/pinche/core/mysql.class.php on line 95
[22-Apr-2020 22:51:21 Asia/Shanghai] PHP Warning:  Invalid argument supplied for foreach() in /code/php/pinche/core/mysql.class.php on line 95
[22-Apr-2020 22:51:28 Asia/Shanghai] PHP Warning:  Invalid argument supplied for foreach() in /code/php/pinche/core/mysql.class.php on line 95
[22-Apr-2020 22:54:03 Asia/Shanghai] PHP Warning:  Invalid argument supplied for foreach() in /code/php/pinche/core/mysql.class.php on line 95
[22-Apr-2020 22:54:07 Asia/Shanghai] PHP Warning:  Invalid argument supplied for foreach() in /code/php/pinche/core/mysql.class.php on line 95
[22-Apr-2020 22:54:10 Asia/Shanghai] PHP Warning:  Invalid argument supplied for foreach() in /code/php/pinche/core/mysql.class.php on line 95
[22-Apr-2020 22:54:14 Asia/Shanghai] PHP Warning:  Invalid argument supplied for foreach() in /code/php/pinche/core/mysql.class.php on line 95
[22-Apr-2020 22:55:32 Asia/Shanghai] PHP Warning:  Invalid argument supplied for foreach() in /code/php/pinche/core/mysql.class.php on line 95
[22-Apr-2020 22:57:08 Asia/Shanghai] PHP Warning:  Invalid argument supplied for foreach() in /code/php/pinche/core/mysql.class.php on line 95
[22-Apr-2020 23:06:56 Asia/Shanghai] PHP Warning:  Invalid argument supplied for foreach() in /code/php/pinche/core/mysql.class.php on line 95
[22-Apr-2020 23:11:09 Asia/Shanghai] PHP Warning:  Invalid argument supplied for foreach() in /code/php/pinche/core/mysql.class.php on line 95
[22-Apr-2020 23:12:24 Asia/Shanghai] PHP Warning:  Invalid argument supplied for foreach() in /code/php/pinche/core/mysql.class.php on line 95
[23-Apr-2020 13:29:33 Asia/Shanghai] PHP Notice:  Undefined variable: rows in /code/php/pinche/core/mysql.class.php on line 89
[23-Apr-2020 13:29:33 Asia/Shanghai] PHP Warning:  Invalid argument supplied for foreach() in /code/php/pinche/v2/show.php on line 105
[23-Apr-2020 13:29:57 Asia/Shanghai] PHP Notice:  Undefined variable: rows in /code/php/pinche/core/mysql.class.php on line 89
[23-Apr-2020 13:29:57 Asia/Shanghai] PHP Warning:  Invalid argument supplied for foreach() in /code/php/pinche/v2/show.php on line 105
[23-Apr-2020 13:29:58 Asia/Shanghai] PHP Notice:  Undefined variable: rows in /code/php/pinche/core/mysql.class.php on line 89
[23-Apr-2020 13:29:58 Asia/Shanghai] PHP Warning:  Invalid argument supplied for foreach() in /code/php/pinche/v2/show.php on line 105
[23-Apr-2020 13:29:58 Asia/Shanghai] PHP Notice:  Undefined variable: rows in /code/php/pinche/core/mysql.class.php on line 89
[23-Apr-2020 13:29:58 Asia/Shanghai] PHP Warning:  Invalid argument supplied for foreach() in /code/php/pinche/v2/show.php on line 105
[23-Apr-2020 13:29:59 Asia/Shanghai] PHP Notice:  Undefined variable: rows in /code/php/pinche/core/mysql.class.php on line 89
[23-Apr-2020 13:29:59 Asia/Shanghai] PHP Warning:  Invalid argument supplied for foreach() in /code/php/pinche/v2/show.php on line 105
[23-Apr-2020 13:30:00 Asia/Shanghai] PHP Warning:  Invalid argument supplied for foreach() in /code/php/pinche/core/mysql.class.php on line 95
[23-Apr-2020 13:30:00 Asia/Shanghai] PHP Warning:  Invalid argument supplied for foreach() in /code/php/pinche/core/mysql.class.php on line 95
[23-Apr-2020 13:30:00 Asia/Shanghai] PHP Warning:  Invalid argument supplied for foreach() in /code/php/pinche/core/mysql.class.php on line 95
[23-Apr-2020 13:30:00 Asia/Shanghai] PHP Warning:  Invalid argument supplied for foreach() in /code/php/pinche/core/mysql.class.php on line 95
[23-Apr-2020 13:30:00 Asia/Shanghai] PHP Warning:  Invalid argument supplied for foreach() in /code/php/pinche/core/mysql.class.php on line 95
[23-Apr-2020 13:30:00 Asia/Shanghai] PHP Warning:  Invalid argument supplied for foreach() in /code/php/pinche/core/mysql.class.php on line 95
[23-Apr-2020 13:30:00 Asia/Shanghai] PHP Warning:  Invalid argument supplied for foreach() in /code/php/pinche/core/mysql.class.php on line 95
[23-Apr-2020 13:30:00 Asia/Shanghai] PHP Warning:  Invalid argument supplied for foreach() in /code/php/pinche/core/mysql.class.php on line 95
[23-Apr-2020 13:31:38 Asia/Shanghai] PHP Warning:  Invalid argument supplied for foreach() in /code/php/pinche/core/mysql.class.php on line 95
[23-Apr-2020 13:32:36 Asia/Shanghai] PHP Warning:  Invalid argument supplied for foreach() in /code/php/pinche/core/mysql.class.php on line 95
[23-Apr-2020 13:32:40 Asia/Shanghai] PHP Warning:  Invalid argument supplied for foreach() in /code/php/pinche/core/mysql.class.php on line 95
[23-Apr-2020 13:40:13 Asia/Shanghai] PHP Warning:  Invalid argument supplied for foreach() in /code/php/pinche/core/mysql.class.php on line 95
[23-Apr-2020 13:40:17 Asia/Shanghai] PHP Warning:  Invalid argument supplied for foreach() in /code/php/pinche/core/mysql.class.php on line 95
[23-Apr-2020 13:40:24 Asia/Shanghai] PHP Warning:  Invalid argument supplied for foreach() in /code/php/pinche/core/mysql.class.php on line 95
[23-Apr-2020 14:03:05 Asia/Shanghai] PHP Warning:  Invalid argument supplied for foreach() in /code/php/pinche/core/mysql.class.php on line 95
[23-Apr-2020 22:22:33 Asia/Shanghai] PHP Warning:  Invalid argument supplied for foreach() in /code/php/pinche/core/mysql.class.php on line 95
[23-Apr-2020 22:22:33 Asia/Shanghai] PHP Warning:  Invalid argument supplied for foreach() in /code/php/pinche/core/mysql.class.php on line 95
[23-Apr-2020 22:22:33 Asia/Shanghai] PHP Warning:  Invalid argument supplied for foreach() in /code/php/pinche/core/mysql.class.php on line 95
[23-Apr-2020 22:22:33 Asia/Shanghai] PHP Warning:  Invalid argument supplied for foreach() in /code/php/pinche/core/mysql.class.php on line 95
[23-Apr-2020 22:22:33 Asia/Shanghai] PHP Warning:  Invalid argument supplied for foreach() in /code/php/pinche/core/mysql.class.php on line 95
[23-Apr-2020 22:29:04 Asia/Shanghai] PHP Notice:  Undefined variable: id in /code/php/pinche/v2/dripData.php on line 134
[23-Apr-2020 22:29:04 Asia/Shanghai] PHP Notice:  Undefined variable: id in /code/php/pinche/v2/dripData.php on line 134
[23-Apr-2020 22:29:04 Asia/Shanghai] PHP Notice:  Undefined variable: id in /code/php/pinche/v2/dripData.php on line 134
[23-Apr-2020 22:29:04 Asia/Shanghai] PHP Notice:  Undefined variable: id in /code/php/pinche/v2/dripData.php on line 134
[23-Apr-2020 22:29:04 Asia/Shanghai] PHP Notice:  Undefined variable: id in /code/php/pinche/v2/dripData.php on line 134
[23-Apr-2020 22:29:04 Asia/Shanghai] PHP Notice:  Undefined variable: id in /code/php/pinche/v2/dripData.php on line 134
[23-Apr-2020 22:29:04 Asia/Shanghai] PHP Notice:  Undefined variable: id in /code/php/pinche/v2/dripData.php on line 134
[23-Apr-2020 22:29:04 Asia/Shanghai] PHP Notice:  Undefined variable: id in /code/php/pinche/v2/dripData.php on line 134
[23-Apr-2020 22:29:04 Asia/Shanghai] PHP Notice:  Undefined variable: id in /code/php/pinche/v2/dripData.php on line 134
[23-Apr-2020 22:29:04 Asia/Shanghai] PHP Notice:  Undefined variable: id in /code/php/pinche/v2/dripData.php on line 134
[23-Apr-2020 22:29:04 Asia/Shanghai] PHP Notice:  Undefined variable: id in /code/php/pinche/v2/dripData.php on line 134
[23-Apr-2020 22:29:04 Asia/Shanghai] PHP Notice:  Undefined variable: id in /code/php/pinche/v2/dripData.php on line 134
[23-Apr-2020 22:29:04 Asia/Shanghai] PHP Notice:  Undefined variable: id in /code/php/pinche/v2/dripData.php on line 134
[23-Apr-2020 22:29:04 Asia/Shanghai] PHP Notice:  Undefined variable: id in /code/php/pinche/v2/dripData.php on line 134
[23-Apr-2020 22:29:04 Asia/Shanghai] PHP Notice:  Undefined variable: id in /code/php/pinche/v2/dripData.php on line 134
[23-Apr-2020 22:29:05 Asia/Shanghai] PHP Notice:  Undefined variable: id in /code/php/pinche/v2/dripData.php on line 134
[23-Apr-2020 22:29:05 Asia/Shanghai] PHP Notice:  Undefined variable: id in /code/php/pinche/v2/dripData.php on line 134
[23-Apr-2020 22:29:05 Asia/Shanghai] PHP Notice:  Undefined variable: id in /code/php/pinche/v2/dripData.php on line 134
[23-Apr-2020 22:29:05 Asia/Shanghai] PHP Notice:  Undefined variable: id in /code/php/pinche/v2/dripData.php on line 134
[23-Apr-2020 22:29:05 Asia/Shanghai] PHP Notice:  Undefined variable: id in /code/php/pinche/v2/dripData.php on line 134
[23-Apr-2020 22:29:05 Asia/Shanghai] PHP Notice:  Undefined variable: id in /code/php/pinche/v2/dripData.php on line 134
[23-Apr-2020 22:29:05 Asia/Shanghai] PHP Notice:  Undefined variable: id in /code/php/pinche/v2/dripData.php on line 134
[23-Apr-2020 22:29:05 Asia/Shanghai] PHP Notice:  Undefined variable: id in /code/php/pinche/v2/dripData.php on line 134
[23-Apr-2020 22:29:05 Asia/Shanghai] PHP Notice:  Undefined variable: id in /code/php/pinche/v2/dripData.php on line 134
[23-Apr-2020 22:29:05 Asia/Shanghai] PHP Notice:  Undefined variable: id in /code/php/pinche/v2/dripData.php on line 134
[23-Apr-2020 22:29:05 Asia/Shanghai] PHP Notice:  Undefined variable: id in /code/php/pinche/v2/dripData.php on line 134
[23-Apr-2020 22:29:05 Asia/Shanghai] PHP Notice:  Undefined variable: id in /code/php/pinche/v2/dripData.php on line 134
[23-Apr-2020 22:29:05 Asia/Shanghai] PHP Notice:  Undefined variable: id in /code/php/pinche/v2/dripData.php on line 134
[23-Apr-2020 22:29:05 Asia/Shanghai] PHP Notice:  Undefined variable: id in /code/php/pinche/v2/dripData.php on line 134
[23-Apr-2020 22:29:05 Asia/Shanghai] PHP Notice:  Undefined variable: id in /code/php/pinche/v2/dripData.php on line 134
[23-Apr-2020 22:29:05 Asia/Shanghai] PHP Notice:  Undefined variable: id in /code/php/pinche/v2/dripData.php on line 134
[23-Apr-2020 22:29:05 Asia/Shanghai] PHP Notice:  Undefined variable: id in /code/php/pinche/v2/dripData.php on line 134
[23-Apr-2020 22:29:05 Asia/Shanghai] PHP Notice:  Undefined variable: id in /code/php/pinche/v2/dripData.php on line 134
[23-Apr-2020 22:29:05 Asia/Shanghai] PHP Notice:  Undefined variable: id in /code/php/pinche/v2/dripData.php on line 134
[23-Apr-2020 22:29:05 Asia/Shanghai] PHP Notice:  Undefined variable: id in /code/php/pinche/v2/dripData.php on line 134
[23-Apr-2020 22:29:05 Asia/Shanghai] PHP Notice:  Undefined variable: id in /code/php/pinche/v2/dripData.php on line 134
[23-Apr-2020 22:29:05 Asia/Shanghai] PHP Notice:  Undefined variable: id in /code/php/pinche/v2/dripData.php on line 134
[23-Apr-2020 22:29:05 Asia/Shanghai] PHP Notice:  Undefined variable: id in /code/php/pinche/v2/dripData.php on line 134
[23-Apr-2020 22:29:05 Asia/Shanghai] PHP Notice:  Undefined variable: id in /code/php/pinche/v2/dripData.php on line 134
[23-Apr-2020 22:29:05 Asia/Shanghai] PHP Notice:  Undefined variable: id in /code/php/pinche/v2/dripData.php on line 134
[23-Apr-2020 22:29:05 Asia/Shanghai] PHP Notice:  Undefined variable: id in /code/php/pinche/v2/dripData.php on line 134
[23-Apr-2020 22:29:05 Asia/Shanghai] PHP Notice:  Undefined variable: id in /code/php/pinche/v2/dripData.php on line 134
[23-Apr-2020 22:29:05 Asia/Shanghai] PHP Notice:  Undefined variable: id in /code/php/pinche/v2/dripData.php on line 134
[23-Apr-2020 22:29:05 Asia/Shanghai] PHP Notice:  Undefined variable: id in /code/php/pinche/v2/dripData.php on line 134
[23-Apr-2020 22:29:05 Asia/Shanghai] PHP Notice:  Undefined variable: id in /code/php/pinche/v2/dripData.php on line 134
[23-Apr-2020 22:29:05 Asia/Shanghai] PHP Notice:  Undefined variable: id in /code/php/pinche/v2/dripData.php on line 134
[23-Apr-2020 22:29:05 Asia/Shanghai] PHP Notice:  Undefined variable: id in /code/php/pinche/v2/dripData.php on line 134
[23-Apr-2020 22:29:05 Asia/Shanghai] PHP Notice:  Undefined variable: id in /code/php/pinche/v2/dripData.php on line 134
[23-Apr-2020 22:29:05 Asia/Shanghai] PHP Notice:  Undefined variable: id in /code/php/pinche/v2/dripData.php on line 134
[23-Apr-2020 22:29:05 Asia/Shanghai] PHP Notice:  Undefined variable: id in /code/php/pinche/v2/dripData.php on line 134
[23-Apr-2020 22:29:05 Asia/Shanghai] PHP Notice:  Undefined variable: id in /code/php/pinche/v2/dripData.php on line 134
[23-Apr-2020 22:29:09 Asia/Shanghai] PHP Notice:  Undefined variable: id in /code/php/pinche/v2/dripData.php on line 134
[23-Apr-2020 22:29:09 Asia/Shanghai] PHP Notice:  Undefined variable: id in /code/php/pinche/v2/dripData.php on line 134
[23-Apr-2020 22:29:09 Asia/Shanghai] PHP Notice:  Undefined variable: id in /code/php/pinche/v2/dripData.php on line 134
[23-Apr-2020 22:29:09 Asia/Shanghai] PHP Notice:  Undefined variable: id in /code/php/pinche/v2/dripData.php on line 134
[23-Apr-2020 22:29:09 Asia/Shanghai] PHP Notice:  Undefined variable: id in /code/php/pinche/v2/dripData.php on line 134
[23-Apr-2020 22:29:09 Asia/Shanghai] PHP Notice:  Undefined variable: id in /code/php/pinche/v2/dripData.php on line 134
[23-Apr-2020 22:29:09 Asia/Shanghai] PHP Notice:  Undefined variable: id in /code/php/pinche/v2/dripData.php on line 134
[23-Apr-2020 22:29:09 Asia/Shanghai] PHP Notice:  Undefined variable: id in /code/php/pinche/v2/dripData.php on line 134
[23-Apr-2020 22:29:09 Asia/Shanghai] PHP Notice:  Undefined variable: id in /code/php/pinche/v2/dripData.php on line 134
[23-Apr-2020 22:29:09 Asia/Shanghai] PHP Notice:  Undefined variable: id in /code/php/pinche/v2/dripData.php on line 134
[23-Apr-2020 22:29:09 Asia/Shanghai] PHP Notice:  Undefined variable: id in /code/php/pinche/v2/dripData.php on line 134
[23-Apr-2020 22:29:09 Asia/Shanghai] PHP Notice:  Undefined variable: id in /code/php/pinche/v2/dripData.php on line 134
[23-Apr-2020 22:29:09 Asia/Shanghai] PHP Notice:  Undefined variable: id in /code/php/pinche/v2/dripData.php on line 134
[23-Apr-2020 22:29:09 Asia/Shanghai] PHP Notice:  Undefined variable: id in /code/php/pinche/v2/dripData.php on line 134
[23-Apr-2020 22:29:09 Asia/Shanghai] PHP Notice:  Undefined variable: id in /code/php/pinche/v2/dripData.php on line 134
[23-Apr-2020 22:29:09 Asia/Shanghai] PHP Notice:  Undefined variable: id in /code/php/pinche/v2/dripData.php on line 134
[23-Apr-2020 22:29:09 Asia/Shanghai] PHP Notice:  Undefined variable: id in /code/php/pinche/v2/dripData.php on line 134
[23-Apr-2020 22:29:09 Asia/Shanghai] PHP Notice:  Undefined variable: id in /code/php/pinche/v2/dripData.php on line 134
[23-Apr-2020 22:29:09 Asia/Shanghai] PHP Notice:  Undefined variable: id in /code/php/pinche/v2/dripData.php on line 134
[23-Apr-2020 22:29:09 Asia/Shanghai] PHP Notice:  Undefined variable: id in /code/php/pinche/v2/dripData.php on line 134
[23-Apr-2020 22:29:09 Asia/Shanghai] PHP Notice:  Undefined variable: id in /code/php/pinche/v2/dripData.php on line 134
[23-Apr-2020 22:29:09 Asia/Shanghai] PHP Notice:  Undefined variable: id in /code/php/pinche/v2/dripData.php on line 134
[23-Apr-2020 22:29:09 Asia/Shanghai] PHP Notice:  Undefined variable: id in /code/php/pinche/v2/dripData.php on line 134
[23-Apr-2020 22:29:09 Asia/Shanghai] PHP Notice:  Undefined variable: id in /code/php/pinche/v2/dripData.php on line 134
[23-Apr-2020 22:29:09 Asia/Shanghai] PHP Notice:  Undefined variable: id in /code/php/pinche/v2/dripData.php on line 134
[23-Apr-2020 22:29:09 Asia/Shanghai] PHP Notice:  Undefined variable: id in /code/php/pinche/v2/dripData.php on line 134
[23-Apr-2020 22:29:09 Asia/Shanghai] PHP Notice:  Undefined variable: id in /code/php/pinche/v2/dripData.php on line 134
[23-Apr-2020 22:29:09 Asia/Shanghai] PHP Notice:  Undefined variable: id in /code/php/pinche/v2/dripData.php on line 134
[23-Apr-2020 22:29:09 Asia/Shanghai] PHP Notice:  Undefined variable: id in /code/php/pinche/v2/dripData.php on line 134
[23-Apr-2020 22:29:09 Asia/Shanghai] PHP Notice:  Undefined variable: id in /code/php/pinche/v2/dripData.php on line 134
[23-Apr-2020 22:29:09 Asia/Shanghai] PHP Notice:  Undefined variable: id in /code/php/pinche/v2/dripData.php on line 134
[23-Apr-2020 22:29:09 Asia/Shanghai] PHP Notice:  Undefined variable: id in /code/php/pinche/v2/dripData.php on line 134
[23-Apr-2020 22:29:09 Asia/Shanghai] PHP Notice:  Undefined variable: id in /code/php/pinche/v2/dripData.php on line 134
[23-Apr-2020 22:29:09 Asia/Shanghai] PHP Notice:  Undefined variable: id in /code/php/pinche/v2/dripData.php on line 134
[23-Apr-2020 22:29:09 Asia/Shanghai] PHP Notice:  Undefined variable: id in /code/php/pinche/v2/dripData.php on line 134
[23-Apr-2020 22:29:09 Asia/Shanghai] PHP Notice:  Undefined variable: id in /code/php/pinche/v2/dripData.php on line 134
[23-Apr-2020 22:29:09 Asia/Shanghai] PHP Notice:  Undefined variable: id in /code/php/pinche/v2/dripData.php on line 134
[23-Apr-2020 22:29:09 Asia/Shanghai] PHP Notice:  Undefined variable: id in /code/php/pinche/v2/dripData.php on line 134
[23-Apr-2020 22:29:09 Asia/Shanghai] PHP Notice:  Undefined variable: id in /code/php/pinche/v2/dripData.php on line 134
[23-Apr-2020 22:29:10 Asia/Shanghai] PHP Notice:  Undefined variable: id in /code/php/pinche/v2/dripData.php on line 134
[23-Apr-2020 22:29:10 Asia/Shanghai] PHP Notice:  Undefined variable: id in /code/php/pinche/v2/dripData.php on line 134
[23-Apr-2020 22:29:10 Asia/Shanghai] PHP Notice:  Undefined variable: id in /code/php/pinche/v2/dripData.php on line 134
[23-Apr-2020 22:29:10 Asia/Shanghai] PHP Notice:  Undefined variable: id in /code/php/pinche/v2/dripData.php on line 134
[23-Apr-2020 22:29:10 Asia/Shanghai] PHP Notice:  Undefined variable: id in /code/php/pinche/v2/dripData.php on line 134
[23-Apr-2020 22:29:10 Asia/Shanghai] PHP Notice:  Undefined variable: id in /code/php/pinche/v2/dripData.php on line 134
[23-Apr-2020 22:29:10 Asia/Shanghai] PHP Notice:  Undefined variable: id in /code/php/pinche/v2/dripData.php on line 134
[23-Apr-2020 22:29:10 Asia/Shanghai] PHP Notice:  Undefined variable: id in /code/php/pinche/v2/dripData.php on line 134
[23-Apr-2020 22:29:10 Asia/Shanghai] PHP Notice:  Undefined variable: id in /code/php/pinche/v2/dripData.php on line 134
[23-Apr-2020 22:29:10 Asia/Shanghai] PHP Notice:  Undefined variable: id in /code/php/pinche/v2/dripData.php on line 134
[23-Apr-2020 22:29:10 Asia/Shanghai] PHP Notice:  Undefined variable: id in /code/php/pinche/v2/dripData.php on line 134
[23-Apr-2020 22:29:10 Asia/Shanghai] PHP Notice:  Undefined variable: id in /code/php/pinche/v2/dripData.php on line 134
[23-Apr-2020 22:29:14 Asia/Shanghai] PHP Notice:  Undefined variable: id in /code/php/pinche/v2/dripData.php on line 134
[23-Apr-2020 22:29:14 Asia/Shanghai] PHP Notice:  Undefined variable: id in /code/php/pinche/v2/dripData.php on line 134
[23-Apr-2020 22:29:14 Asia/Shanghai] PHP Notice:  Undefined variable: id in /code/php/pinche/v2/dripData.php on line 134
[23-Apr-2020 22:29:14 Asia/Shanghai] PHP Notice:  Undefined variable: id in /code/php/pinche/v2/dripData.php on line 134
[23-Apr-2020 22:29:14 Asia/Shanghai] PHP Notice:  Undefined variable: id in /code/php/pinche/v2/dripData.php on line 134
[23-Apr-2020 22:29:14 Asia/Shanghai] PHP Notice:  Undefined variable: id in /code/php/pinche/v2/dripData.php on line 134
[23-Apr-2020 22:29:14 Asia/Shanghai] PHP Notice:  Undefined variable: id in /code/php/pinche/v2/dripData.php on line 134
[23-Apr-2020 22:29:14 Asia/Shanghai] PHP Notice:  Undefined variable: id in /code/php/pinche/v2/dripData.php on line 134
[23-Apr-2020 22:29:14 Asia/Shanghai] PHP Notice:  Undefined variable: id in /code/php/pinche/v2/dripData.php on line 134
[23-Apr-2020 22:29:14 Asia/Shanghai] PHP Notice:  Undefined variable: id in /code/php/pinche/v2/dripData.php on line 134
[23-Apr-2020 22:29:14 Asia/Shanghai] PHP Notice:  Undefined variable: id in /code/php/pinche/v2/dripData.php on line 134
[23-Apr-2020 22:29:14 Asia/Shanghai] PHP Notice:  Undefined variable: id in /code/php/pinche/v2/dripData.php on line 134
[23-Apr-2020 22:29:14 Asia/Shanghai] PHP Notice:  Undefined variable: id in /code/php/pinche/v2/dripData.php on line 134
[23-Apr-2020 22:29:14 Asia/Shanghai] PHP Notice:  Undefined variable: id in /code/php/pinche/v2/dripData.php on line 134
[23-Apr-2020 22:29:14 Asia/Shanghai] PHP Notice:  Undefined variable: id in /code/php/pinche/v2/dripData.php on line 134
[23-Apr-2020 22:29:14 Asia/Shanghai] PHP Notice:  Undefined variable: id in /code/php/pinche/v2/dripData.php on line 134
[23-Apr-2020 22:29:14 Asia/Shanghai] PHP Notice:  Undefined variable: id in /code/php/pinche/v2/dripData.php on line 134
[23-Apr-2020 22:29:15 Asia/Shanghai] PHP Notice:  Undefined variable: id in /code/php/pinche/v2/dripData.php on line 134
[23-Apr-2020 22:29:15 Asia/Shanghai] PHP Notice:  Undefined variable: id in /code/php/pinche/v2/dripData.php on line 134
[23-Apr-2020 22:29:15 Asia/Shanghai] PHP Notice:  Undefined variable: id in /code/php/pinche/v2/dripData.php on line 134
[23-Apr-2020 22:29:15 Asia/Shanghai] PHP Notice:  Undefined variable: id in /code/php/pinche/v2/dripData.php on line 134
[23-Apr-2020 22:29:15 Asia/Shanghai] PHP Notice:  Undefined variable: id in /code/php/pinche/v2/dripData.php on line 134
[23-Apr-2020 22:29:15 Asia/Shanghai] PHP Notice:  Undefined variable: id in /code/php/pinche/v2/dripData.php on line 134
[23-Apr-2020 22:29:15 Asia/Shanghai] PHP Notice:  Undefined variable: id in /code/php/pinche/v2/dripData.php on line 134
[23-Apr-2020 22:29:15 Asia/Shanghai] PHP Notice:  Undefined variable: id in /code/php/pinche/v2/dripData.php on line 134
[23-Apr-2020 22:29:15 Asia/Shanghai] PHP Notice:  Undefined variable: id in /code/php/pinche/v2/dripData.php on line 134
[23-Apr-2020 22:29:15 Asia/Shanghai] PHP Notice:  Undefined variable: id in /code/php/pinche/v2/dripData.php on line 134
[23-Apr-2020 22:29:15 Asia/Shanghai] PHP Notice:  Undefined variable: id in /code/php/pinche/v2/dripData.php on line 134
[23-Apr-2020 22:29:15 Asia/Shanghai] PHP Notice:  Undefined variable: id in /code/php/pinche/v2/dripData.php on line 134
[23-Apr-2020 22:29:15 Asia/Shanghai] PHP Notice:  Undefined variable: id in /code/php/pinche/v2/dripData.php on line 134
[23-Apr-2020 22:29:15 Asia/Shanghai] PHP Notice:  Undefined variable: id in /code/php/pinche/v2/dripData.php on line 134
[23-Apr-2020 22:29:15 Asia/Shanghai] PHP Notice:  Undefined variable: id in /code/php/pinche/v2/dripData.php on line 134
[23-Apr-2020 22:29:15 Asia/Shanghai] PHP Notice:  Undefined variable: id in /code/php/pinche/v2/dripData.php on line 134
[23-Apr-2020 22:29:15 Asia/Shanghai] PHP Notice:  Undefined variable: id in /code/php/pinche/v2/dripData.php on line 134
[23-Apr-2020 22:29:15 Asia/Shanghai] PHP Notice:  Undefined variable: id in /code/php/pinche/v2/dripData.php on line 134
[23-Apr-2020 22:29:15 Asia/Shanghai] PHP Notice:  Undefined variable: id in /code/php/pinche/v2/dripData.php on line 134
[23-Apr-2020 22:29:15 Asia/Shanghai] PHP Notice:  Undefined variable: id in /code/php/pinche/v2/dripData.php on line 134
[23-Apr-2020 22:29:15 Asia/Shanghai] PHP Notice:  Undefined variable: id in /code/php/pinche/v2/dripData.php on line 134
[23-Apr-2020 22:29:15 Asia/Shanghai] PHP Notice:  Undefined variable: id in /code/php/pinche/v2/dripData.php on line 134
[23-Apr-2020 22:29:15 Asia/Shanghai] PHP Notice:  Undefined variable: id in /code/php/pinche/v2/dripData.php on line 134
[23-Apr-2020 22:29:15 Asia/Shanghai] PHP Notice:  Undefined variable: id in /code/php/pinche/v2/dripData.php on line 134
[23-Apr-2020 22:29:15 Asia/Shanghai] PHP Notice:  Undefined variable: id in /code/php/pinche/v2/dripData.php on line 134
[23-Apr-2020 22:29:15 Asia/Shanghai] PHP Notice:  Undefined variable: id in /code/php/pinche/v2/dripData.php on line 134
[23-Apr-2020 22:29:15 Asia/Shanghai] PHP Notice:  Undefined variable: id in /code/php/pinche/v2/dripData.php on line 134
[23-Apr-2020 22:29:15 Asia/Shanghai] PHP Notice:  Undefined variable: id in /code/php/pinche/v2/dripData.php on line 134
[23-Apr-2020 22:29:16 Asia/Shanghai] PHP Notice:  Undefined variable: id in /code/php/pinche/v2/dripData.php on line 134
[23-Apr-2020 22:29:16 Asia/Shanghai] PHP Notice:  Undefined variable: id in /code/php/pinche/v2/dripData.php on line 134
[23-Apr-2020 22:29:16 Asia/Shanghai] PHP Notice:  Undefined variable: id in /code/php/pinche/v2/dripData.php on line 134
[23-Apr-2020 22:29:16 Asia/Shanghai] PHP Notice:  Undefined variable: id in /code/php/pinche/v2/dripData.php on line 134
[23-Apr-2020 22:29:16 Asia/Shanghai] PHP Notice:  Undefined variable: id in /code/php/pinche/v2/dripData.php on line 134
[23-Apr-2020 22:29:16 Asia/Shanghai] PHP Notice:  Undefined variable: id in /code/php/pinche/v2/dripData.php on line 134
[23-Apr-2020 22:47:14 Asia/Shanghai] PHP Notice:  Array to string conversion in /code/php/pinche/v2/dripData.php on line 131
[23-Apr-2020 22:47:14 Asia/Shanghai] PHP Notice:  Array to string conversion in /code/php/pinche/v2/dripData.php on line 131
[23-Apr-2020 22:47:14 Asia/Shanghai] PHP Notice:  Array to string conversion in /code/php/pinche/v2/dripData.php on line 131
[23-Apr-2020 22:47:14 Asia/Shanghai] PHP Notice:  Array to string conversion in /code/php/pinche/v2/dripData.php on line 131
[23-Apr-2020 22:47:14 Asia/Shanghai] PHP Notice:  Array to string conversion in /code/php/pinche/v2/dripData.php on line 131
[23-Apr-2020 22:47:14 Asia/Shanghai] PHP Notice:  Array to string conversion in /code/php/pinche/v2/dripData.php on line 131
[23-Apr-2020 22:47:14 Asia/Shanghai] PHP Notice:  Array to string conversion in /code/php/pinche/v2/dripData.php on line 131
[23-Apr-2020 22:47:14 Asia/Shanghai] PHP Notice:  Array to string conversion in /code/php/pinche/v2/dripData.php on line 131
[23-Apr-2020 22:47:14 Asia/Shanghai] PHP Notice:  Array to string conversion in /code/php/pinche/v2/dripData.php on line 131
[23-Apr-2020 22:47:14 Asia/Shanghai] PHP Notice:  Array to string conversion in /code/php/pinche/v2/dripData.php on line 131
[23-Apr-2020 22:47:14 Asia/Shanghai] PHP Notice:  Array to string conversion in /code/php/pinche/v2/dripData.php on line 131
[23-Apr-2020 22:47:14 Asia/Shanghai] PHP Notice:  Array to string conversion in /code/php/pinche/v2/dripData.php on line 131
[23-Apr-2020 22:47:14 Asia/Shanghai] PHP Notice:  Array to string conversion in /code/php/pinche/v2/dripData.php on line 131
[23-Apr-2020 22:47:14 Asia/Shanghai] PHP Notice:  Array to string conversion in /code/php/pinche/v2/dripData.php on line 131
[23-Apr-2020 22:47:14 Asia/Shanghai] PHP Notice:  Array to string conversion in /code/php/pinche/v2/dripData.php on line 131
[23-Apr-2020 22:47:14 Asia/Shanghai] PHP Notice:  Array to string conversion in /code/php/pinche/v2/dripData.php on line 131
[23-Apr-2020 22:47:14 Asia/Shanghai] PHP Notice:  Array to string conversion in /code/php/pinche/v2/dripData.php on line 131
[23-Apr-2020 22:47:14 Asia/Shanghai] PHP Notice:  Array to string conversion in /code/php/pinche/v2/dripData.php on line 131
[23-Apr-2020 22:47:14 Asia/Shanghai] PHP Notice:  Array to string conversion in /code/php/pinche/v2/dripData.php on line 131
[23-Apr-2020 22:47:14 Asia/Shanghai] PHP Notice:  Array to string conversion in /code/php/pinche/v2/dripData.php on line 131
[23-Apr-2020 22:47:14 Asia/Shanghai] PHP Notice:  Array to string conversion in /code/php/pinche/v2/dripData.php on line 131
[23-Apr-2020 22:47:14 Asia/Shanghai] PHP Notice:  Array to string conversion in /code/php/pinche/v2/dripData.php on line 131
[23-Apr-2020 22:47:14 Asia/Shanghai] PHP Notice:  Array to string conversion in /code/php/pinche/v2/dripData.php on line 131
[23-Apr-2020 22:47:14 Asia/Shanghai] PHP Notice:  Array to string conversion in /code/php/pinche/v2/dripData.php on line 131
[23-Apr-2020 22:47:14 Asia/Shanghai] PHP Notice:  Array to string conversion in /code/php/pinche/v2/dripData.php on line 131
[23-Apr-2020 22:47:14 Asia/Shanghai] PHP Notice:  Array to string conversion in /code/php/pinche/v2/dripData.php on line 131
[23-Apr-2020 22:47:14 Asia/Shanghai] PHP Notice:  Array to string conversion in /code/php/pinche/v2/dripData.php on line 131
[23-Apr-2020 22:47:14 Asia/Shanghai] PHP Notice:  Array to string conversion in /code/php/pinche/v2/dripData.php on line 131
[23-Apr-2020 22:47:14 Asia/Shanghai] PHP Notice:  Array to string conversion in /code/php/pinche/v2/dripData.php on line 131
[23-Apr-2020 22:47:14 Asia/Shanghai] PHP Notice:  Array to string conversion in /code/php/pinche/v2/dripData.php on line 131
[23-Apr-2020 22:47:14 Asia/Shanghai] PHP Notice:  Array to string conversion in /code/php/pinche/v2/dripData.php on line 131
[23-Apr-2020 22:47:14 Asia/Shanghai] PHP Notice:  Array to string conversion in /code/php/pinche/v2/dripData.php on line 131
[23-Apr-2020 22:47:14 Asia/Shanghai] PHP Notice:  Array to string conversion in /code/php/pinche/v2/dripData.php on line 131
[23-Apr-2020 22:47:14 Asia/Shanghai] PHP Notice:  Array to string conversion in /code/php/pinche/v2/dripData.php on line 131
[23-Apr-2020 22:47:14 Asia/Shanghai] PHP Notice:  Array to string conversion in /code/php/pinche/v2/dripData.php on line 131
[23-Apr-2020 22:47:14 Asia/Shanghai] PHP Notice:  Array to string conversion in /code/php/pinche/v2/dripData.php on line 131
[23-Apr-2020 22:47:14 Asia/Shanghai] PHP Notice:  Array to string conversion in /code/php/pinche/v2/dripData.php on line 131
[23-Apr-2020 22:47:14 Asia/Shanghai] PHP Notice:  Array to string conversion in /code/php/pinche/v2/dripData.php on line 131
[23-Apr-2020 22:47:14 Asia/Shanghai] PHP Notice:  Array to string conversion in /code/php/pinche/v2/dripData.php on line 131
[23-Apr-2020 22:47:14 Asia/Shanghai] PHP Notice:  Array to string conversion in /code/php/pinche/v2/dripData.php on line 131
[23-Apr-2020 22:47:14 Asia/Shanghai] PHP Notice:  Array to string conversion in /code/php/pinche/v2/dripData.php on line 131
[23-Apr-2020 22:47:14 Asia/Shanghai] PHP Notice:  Array to string conversion in /code/php/pinche/v2/dripData.php on line 131
[23-Apr-2020 22:47:14 Asia/Shanghai] PHP Notice:  Array to string conversion in /code/php/pinche/v2/dripData.php on line 131
[23-Apr-2020 22:47:14 Asia/Shanghai] PHP Notice:  Array to string conversion in /code/php/pinche/v2/dripData.php on line 131
[23-Apr-2020 22:47:14 Asia/Shanghai] PHP Notice:  Array to string conversion in /code/php/pinche/v2/dripData.php on line 131
[23-Apr-2020 22:47:14 Asia/Shanghai] PHP Notice:  Array to string conversion in /code/php/pinche/v2/dripData.php on line 131
[23-Apr-2020 22:47:14 Asia/Shanghai] PHP Notice:  Array to string conversion in /code/php/pinche/v2/dripData.php on line 131
[23-Apr-2020 22:47:14 Asia/Shanghai] PHP Notice:  Array to string conversion in /code/php/pinche/v2/dripData.php on line 131
[23-Apr-2020 22:47:14 Asia/Shanghai] PHP Notice:  Array to string conversion in /code/php/pinche/v2/dripData.php on line 131
[23-Apr-2020 22:47:14 Asia/Shanghai] PHP Notice:  Array to string conversion in /code/php/pinche/v2/dripData.php on line 131
[23-Apr-2020 22:47:14 Asia/Shanghai] PHP Notice:  Array to string conversion in /code/php/pinche/v2/dripData.php on line 131
[23-Apr-2020 22:47:19 Asia/Shanghai] PHP Notice:  Array to string conversion in /code/php/pinche/v2/dripData.php on line 131
[23-Apr-2020 22:47:19 Asia/Shanghai] PHP Notice:  Array to string conversion in /code/php/pinche/v2/dripData.php on line 131
[23-Apr-2020 22:47:19 Asia/Shanghai] PHP Notice:  Array to string conversion in /code/php/pinche/v2/dripData.php on line 131
[23-Apr-2020 22:47:19 Asia/Shanghai] PHP Notice:  Array to string conversion in /code/php/pinche/v2/dripData.php on line 131
[23-Apr-2020 22:47:19 Asia/Shanghai] PHP Notice:  Array to string conversion in /code/php/pinche/v2/dripData.php on line 131
[23-Apr-2020 22:47:19 Asia/Shanghai] PHP Notice:  Array to string conversion in /code/php/pinche/v2/dripData.php on line 131
[23-Apr-2020 22:47:19 Asia/Shanghai] PHP Notice:  Array to string conversion in /code/php/pinche/v2/dripData.php on line 131
[23-Apr-2020 22:47:19 Asia/Shanghai] PHP Notice:  Array to string conversion in /code/php/pinche/v2/dripData.php on line 131
[23-Apr-2020 22:47:19 Asia/Shanghai] PHP Notice:  Array to string conversion in /code/php/pinche/v2/dripData.php on line 131
[23-Apr-2020 22:47:19 Asia/Shanghai] PHP Notice:  Array to string conversion in /code/php/pinche/v2/dripData.php on line 131
[23-Apr-2020 22:47:19 Asia/Shanghai] PHP Notice:  Array to string conversion in /code/php/pinche/v2/dripData.php on line 131
[23-Apr-2020 22:47:19 Asia/Shanghai] PHP Notice:  Array to string conversion in /code/php/pinche/v2/dripData.php on line 131
[23-Apr-2020 22:47:19 Asia/Shanghai] PHP Notice:  Array to string conversion in /code/php/pinche/v2/dripData.php on line 131
[23-Apr-2020 22:47:19 Asia/Shanghai] PHP Notice:  Array to string conversion in /code/php/pinche/v2/dripData.php on line 131
[23-Apr-2020 22:47:19 Asia/Shanghai] PHP Notice:  Array to string conversion in /code/php/pinche/v2/dripData.php on line 131
[23-Apr-2020 22:47:19 Asia/Shanghai] PHP Notice:  Array to string conversion in /code/php/pinche/v2/dripData.php on line 131
[23-Apr-2020 22:47:19 Asia/Shanghai] PHP Notice:  Array to string conversion in /code/php/pinche/v2/dripData.php on line 131
[23-Apr-2020 22:47:19 Asia/Shanghai] PHP Notice:  Array to string conversion in /code/php/pinche/v2/dripData.php on line 131
[23-Apr-2020 22:47:19 Asia/Shanghai] PHP Notice:  Array to string conversion in /code/php/pinche/v2/dripData.php on line 131
[23-Apr-2020 22:47:19 Asia/Shanghai] PHP Notice:  Array to string conversion in /code/php/pinche/v2/dripData.php on line 131
[23-Apr-2020 22:47:19 Asia/Shanghai] PHP Notice:  Array to string conversion in /code/php/pinche/v2/dripData.php on line 131
[23-Apr-2020 22:47:19 Asia/Shanghai] PHP Notice:  Array to string conversion in /code/php/pinche/v2/dripData.php on line 131
[23-Apr-2020 22:47:19 Asia/Shanghai] PHP Notice:  Array to string conversion in /code/php/pinche/v2/dripData.php on line 131
[23-Apr-2020 22:47:19 Asia/Shanghai] PHP Notice:  Array to string conversion in /code/php/pinche/v2/dripData.php on line 131
[23-Apr-2020 22:47:19 Asia/Shanghai] PHP Notice:  Array to string conversion in /code/php/pinche/v2/dripData.php on line 131
[23-Apr-2020 22:47:19 Asia/Shanghai] PHP Notice:  Array to string conversion in /code/php/pinche/v2/dripData.php on line 131
[23-Apr-2020 22:47:19 Asia/Shanghai] PHP Notice:  Array to string conversion in /code/php/pinche/v2/dripData.php on line 131
[23-Apr-2020 22:47:19 Asia/Shanghai] PHP Notice:  Array to string conversion in /code/php/pinche/v2/dripData.php on line 131
[23-Apr-2020 22:47:19 Asia/Shanghai] PHP Notice:  Array to string conversion in /code/php/pinche/v2/dripData.php on line 131
[23-Apr-2020 22:47:19 Asia/Shanghai] PHP Notice:  Array to string conversion in /code/php/pinche/v2/dripData.php on line 131
[23-Apr-2020 22:47:19 Asia/Shanghai] PHP Notice:  Array to string conversion in /code/php/pinche/v2/dripData.php on line 131
[23-Apr-2020 22:47:19 Asia/Shanghai] PHP Notice:  Array to string conversion in /code/php/pinche/v2/dripData.php on line 131
[23-Apr-2020 22:47:19 Asia/Shanghai] PHP Notice:  Array to string conversion in /code/php/pinche/v2/dripData.php on line 131
[23-Apr-2020 22:47:19 Asia/Shanghai] PHP Notice:  Array to string conversion in /code/php/pinche/v2/dripData.php on line 131
[23-Apr-2020 22:47:19 Asia/Shanghai] PHP Notice:  Array to string conversion in /code/php/pinche/v2/dripData.php on line 131
[23-Apr-2020 22:47:19 Asia/Shanghai] PHP Notice:  Array to string conversion in /code/php/pinche/v2/dripData.php on line 131
[23-Apr-2020 22:47:19 Asia/Shanghai] PHP Notice:  Array to string conversion in /code/php/pinche/v2/dripData.php on line 131
[23-Apr-2020 22:47:19 Asia/Shanghai] PHP Notice:  Array to string conversion in /code/php/pinche/v2/dripData.php on line 131
[23-Apr-2020 22:47:19 Asia/Shanghai] PHP Notice:  Array to string conversion in /code/php/pinche/v2/dripData.php on line 131
[23-Apr-2020 22:47:19 Asia/Shanghai] PHP Notice:  Array to string conversion in /code/php/pinche/v2/dripData.php on line 131
[23-Apr-2020 22:47:19 Asia/Shanghai] PHP Notice:  Array to string conversion in /code/php/pinche/v2/dripData.php on line 131
[23-Apr-2020 22:47:19 Asia/Shanghai] PHP Notice:  Array to string conversion in /code/php/pinche/v2/dripData.php on line 131
[23-Apr-2020 22:47:19 Asia/Shanghai] PHP Notice:  Array to string conversion in /code/php/pinche/v2/dripData.php on line 131
[23-Apr-2020 22:47:19 Asia/Shanghai] PHP Notice:  Array to string conversion in /code/php/pinche/v2/dripData.php on line 131
[23-Apr-2020 22:47:19 Asia/Shanghai] PHP Notice:  Array to string conversion in /code/php/pinche/v2/dripData.php on line 131
[23-Apr-2020 22:47:19 Asia/Shanghai] PHP Notice:  Array to string conversion in /code/php/pinche/v2/dripData.php on line 131
[23-Apr-2020 22:47:19 Asia/Shanghai] PHP Notice:  Array to string conversion in /code/php/pinche/v2/dripData.php on line 131
[23-Apr-2020 22:47:19 Asia/Shanghai] PHP Notice:  Array to string conversion in /code/php/pinche/v2/dripData.php on line 131
[23-Apr-2020 22:47:19 Asia/Shanghai] PHP Notice:  Array to string conversion in /code/php/pinche/v2/dripData.php on line 131
[23-Apr-2020 22:47:19 Asia/Shanghai] PHP Notice:  Array to string conversion in /code/php/pinche/v2/dripData.php on line 131
[23-Apr-2020 22:47:19 Asia/Shanghai] PHP Notice:  Array to string conversion in /code/php/pinche/v2/dripData.php on line 131
[23-Apr-2020 22:49:39 Asia/Shanghai] PHP Warning:  Invalid argument supplied for foreach() in /code/php/pinche/core/mysql.class.php on line 95
[23-Apr-2020 22:49:39 Asia/Shanghai] PHP Notice:  Undefined index: drip_id in /code/php/pinche/v2/dripData.php on line 131
[23-Apr-2020 22:49:39 Asia/Shanghai] PHP Notice:  Undefined index: id in /code/php/pinche/v2/dripData.php on line 131
[23-Apr-2020 22:49:39 Asia/Shanghai] PHP Warning:  Invalid argument supplied for foreach() in /code/php/pinche/core/mysql.class.php on line 95
[23-Apr-2020 22:49:39 Asia/Shanghai] PHP Notice:  Undefined index: drip_id in /code/php/pinche/v2/dripData.php on line 131
[23-Apr-2020 22:49:39 Asia/Shanghai] PHP Notice:  Undefined index: id in /code/php/pinche/v2/dripData.php on line 131
[23-Apr-2020 22:49:39 Asia/Shanghai] PHP Warning:  Invalid argument supplied for foreach() in /code/php/pinche/core/mysql.class.php on line 95
[23-Apr-2020 22:49:39 Asia/Shanghai] PHP Notice:  Undefined index: drip_id in /code/php/pinche/v2/dripData.php on line 131
[23-Apr-2020 22:49:39 Asia/Shanghai] PHP Notice:  Undefined index: id in /code/php/pinche/v2/dripData.php on line 131
[23-Apr-2020 22:49:39 Asia/Shanghai] PHP Warning:  Invalid argument supplied for foreach() in /code/php/pinche/core/mysql.class.php on line 95
[23-Apr-2020 22:49:39 Asia/Shanghai] PHP Notice:  Undefined index: drip_id in /code/php/pinche/v2/dripData.php on line 131
[23-Apr-2020 22:49:39 Asia/Shanghai] PHP Notice:  Undefined index: id in /code/php/pinche/v2/dripData.php on line 131
[23-Apr-2020 22:49:39 Asia/Shanghai] PHP Warning:  Invalid argument supplied for foreach() in /code/php/pinche/core/mysql.class.php on line 95
[23-Apr-2020 22:49:39 Asia/Shanghai] PHP Notice:  Undefined index: drip_id in /code/php/pinche/v2/dripData.php on line 131
[23-Apr-2020 22:49:39 Asia/Shanghai] PHP Notice:  Undefined index: id in /code/php/pinche/v2/dripData.php on line 131
[23-Apr-2020 22:49:39 Asia/Shanghai] PHP Warning:  Invalid argument supplied for foreach() in /code/php/pinche/core/mysql.class.php on line 95
[23-Apr-2020 22:49:39 Asia/Shanghai] PHP Notice:  Undefined index: drip_id in /code/php/pinche/v2/dripData.php on line 131
[23-Apr-2020 22:49:39 Asia/Shanghai] PHP Notice:  Undefined index: id in /code/php/pinche/v2/dripData.php on line 131
[23-Apr-2020 22:49:39 Asia/Shanghai] PHP Warning:  Invalid argument supplied for foreach() in /code/php/pinche/core/mysql.class.php on line 95
[23-Apr-2020 22:49:39 Asia/Shanghai] PHP Notice:  Undefined index: drip_id in /code/php/pinche/v2/dripData.php on line 131
[23-Apr-2020 22:49:39 Asia/Shanghai] PHP Notice:  Undefined index: id in /code/php/pinche/v2/dripData.php on line 131
[23-Apr-2020 22:49:39 Asia/Shanghai] PHP Warning:  Invalid argument supplied for foreach() in /code/php/pinche/core/mysql.class.php on line 95
[23-Apr-2020 22:49:39 Asia/Shanghai] PHP Notice:  Undefined index: drip_id in /code/php/pinche/v2/dripData.php on line 131
[23-Apr-2020 22:49:39 Asia/Shanghai] PHP Notice:  Undefined index: id in /code/php/pinche/v2/dripData.php on line 131
[23-Apr-2020 22:49:39 Asia/Shanghai] PHP Warning:  Invalid argument supplied for foreach() in /code/php/pinche/core/mysql.class.php on line 95
[23-Apr-2020 22:49:39 Asia/Shanghai] PHP Notice:  Undefined index: drip_id in /code/php/pinche/v2/dripData.php on line 131
[23-Apr-2020 22:49:39 Asia/Shanghai] PHP Notice:  Undefined index: id in /code/php/pinche/v2/dripData.php on line 131
[23-Apr-2020 22:49:39 Asia/Shanghai] PHP Warning:  Invalid argument supplied for foreach() in /code/php/pinche/core/mysql.class.php on line 95
[23-Apr-2020 22:49:39 Asia/Shanghai] PHP Notice:  Undefined index: drip_id in /code/php/pinche/v2/dripData.php on line 131
[23-Apr-2020 22:49:39 Asia/Shanghai] PHP Notice:  Undefined index: id in /code/php/pinche/v2/dripData.php on line 131
[23-Apr-2020 22:49:39 Asia/Shanghai] PHP Warning:  Invalid argument supplied for foreach() in /code/php/pinche/core/mysql.class.php on line 95
[23-Apr-2020 22:49:39 Asia/Shanghai] PHP Notice:  Undefined index: drip_id in /code/php/pinche/v2/dripData.php on line 131
[23-Apr-2020 22:49:39 Asia/Shanghai] PHP Notice:  Undefined index: id in /code/php/pinche/v2/dripData.php on line 131
[23-Apr-2020 22:49:39 Asia/Shanghai] PHP Warning:  Invalid argument supplied for foreach() in /code/php/pinche/core/mysql.class.php on line 95
[23-Apr-2020 22:49:39 Asia/Shanghai] PHP Notice:  Undefined index: drip_id in /code/php/pinche/v2/dripData.php on line 131
[23-Apr-2020 22:49:39 Asia/Shanghai] PHP Notice:  Undefined index: id in /code/php/pinche/v2/dripData.php on line 131
[23-Apr-2020 22:49:39 Asia/Shanghai] PHP Warning:  Invalid argument supplied for foreach() in /code/php/pinche/core/mysql.class.php on line 95
[23-Apr-2020 22:49:39 Asia/Shanghai] PHP Notice:  Undefined index: drip_id in /code/php/pinche/v2/dripData.php on line 131
[23-Apr-2020 22:49:39 Asia/Shanghai] PHP Notice:  Undefined index: id in /code/php/pinche/v2/dripData.php on line 131
[23-Apr-2020 22:49:39 Asia/Shanghai] PHP Warning:  Invalid argument supplied for foreach() in /code/php/pinche/core/mysql.class.php on line 95
[23-Apr-2020 22:49:39 Asia/Shanghai] PHP Notice:  Undefined index: drip_id in /code/php/pinche/v2/dripData.php on line 131
[23-Apr-2020 22:49:39 Asia/Shanghai] PHP Notice:  Undefined index: id in /code/php/pinche/v2/dripData.php on line 131
[23-Apr-2020 22:49:39 Asia/Shanghai] PHP Warning:  Invalid argument supplied for foreach() in /code/php/pinche/core/mysql.class.php on line 95
[23-Apr-2020 22:49:39 Asia/Shanghai] PHP Notice:  Undefined index: drip_id in /code/php/pinche/v2/dripData.php on line 131
[23-Apr-2020 22:49:39 Asia/Shanghai] PHP Notice:  Undefined index: id in /code/php/pinche/v2/dripData.php on line 131
[23-Apr-2020 22:49:39 Asia/Shanghai] PHP Warning:  Invalid argument supplied for foreach() in /code/php/pinche/core/mysql.class.php on line 95
[23-Apr-2020 22:49:39 Asia/Shanghai] PHP Notice:  Undefined index: drip_id in /code/php/pinche/v2/dripData.php on line 131
[23-Apr-2020 22:49:39 Asia/Shanghai] PHP Notice:  Undefined index: id in /code/php/pinche/v2/dripData.php on line 131
[23-Apr-2020 22:49:39 Asia/Shanghai] PHP Warning:  Invalid argument supplied for foreach() in /code/php/pinche/core/mysql.class.php on line 95
[23-Apr-2020 22:49:39 Asia/Shanghai] PHP Notice:  Undefined index: drip_id in /code/php/pinche/v2/dripData.php on line 131
[23-Apr-2020 22:49:39 Asia/Shanghai] PHP Notice:  Undefined index: id in /code/php/pinche/v2/dripData.php on line 131
[23-Apr-2020 22:49:39 Asia/Shanghai] PHP Warning:  Invalid argument supplied for foreach() in /code/php/pinche/core/mysql.class.php on line 95
[23-Apr-2020 22:49:39 Asia/Shanghai] PHP Notice:  Undefined index: drip_id in /code/php/pinche/v2/dripData.php on line 131
[23-Apr-2020 22:49:39 Asia/Shanghai] PHP Notice:  Undefined index: id in /code/php/pinche/v2/dripData.php on line 131
[23-Apr-2020 22:49:39 Asia/Shanghai] PHP Warning:  Invalid argument supplied for foreach() in /code/php/pinche/core/mysql.class.php on line 95
[23-Apr-2020 22:49:39 Asia/Shanghai] PHP Notice:  Undefined index: drip_id in /code/php/pinche/v2/dripData.php on line 131
[23-Apr-2020 22:49:39 Asia/Shanghai] PHP Notice:  Undefined index: id in /code/php/pinche/v2/dripData.php on line 131
[23-Apr-2020 22:49:39 Asia/Shanghai] PHP Warning:  Invalid argument supplied for foreach() in /code/php/pinche/core/mysql.class.php on line 95
[23-Apr-2020 22:49:39 Asia/Shanghai] PHP Notice:  Undefined index: drip_id in /code/php/pinche/v2/dripData.php on line 131
[23-Apr-2020 22:49:39 Asia/Shanghai] PHP Notice:  Undefined index: id in /code/php/pinche/v2/dripData.php on line 131
[23-Apr-2020 22:49:39 Asia/Shanghai] PHP Warning:  Invalid argument supplied for foreach() in /code/php/pinche/core/mysql.class.php on line 95
[23-Apr-2020 22:49:39 Asia/Shanghai] PHP Notice:  Undefined index: drip_id in /code/php/pinche/v2/dripData.php on line 131
[23-Apr-2020 22:49:39 Asia/Shanghai] PHP Notice:  Undefined index: id in /code/php/pinche/v2/dripData.php on line 131
[23-Apr-2020 22:49:39 Asia/Shanghai] PHP Warning:  Invalid argument supplied for foreach() in /code/php/pinche/core/mysql.class.php on line 95
[23-Apr-2020 22:49:39 Asia/Shanghai] PHP Notice:  Undefined index: drip_id in /code/php/pinche/v2/dripData.php on line 131
[23-Apr-2020 22:49:39 Asia/Shanghai] PHP Notice:  Undefined index: id in /code/php/pinche/v2/dripData.php on line 131
[23-Apr-2020 22:49:39 Asia/Shanghai] PHP Warning:  Invalid argument supplied for foreach() in /code/php/pinche/core/mysql.class.php on line 95
[23-Apr-2020 22:49:39 Asia/Shanghai] PHP Notice:  Undefined index: drip_id in /code/php/pinche/v2/dripData.php on line 131
[23-Apr-2020 22:49:39 Asia/Shanghai] PHP Notice:  Undefined index: id in /code/php/pinche/v2/dripData.php on line 131
[23-Apr-2020 22:49:39 Asia/Shanghai] PHP Warning:  Invalid argument supplied for foreach() in /code/php/pinche/core/mysql.class.php on line 95
[23-Apr-2020 22:49:39 Asia/Shanghai] PHP Notice:  Undefined index: drip_id in /code/php/pinche/v2/dripData.php on line 131
[23-Apr-2020 22:49:39 Asia/Shanghai] PHP Notice:  Undefined index: id in /code/php/pinche/v2/dripData.php on line 131
[23-Apr-2020 22:49:39 Asia/Shanghai] PHP Warning:  Invalid argument supplied for foreach() in /code/php/pinche/core/mysql.class.php on line 95
[23-Apr-2020 22:49:39 Asia/Shanghai] PHP Notice:  Undefined index: drip_id in /code/php/pinche/v2/dripData.php on line 131
[23-Apr-2020 22:49:39 Asia/Shanghai] PHP Notice:  Undefined index: id in /code/php/pinche/v2/dripData.php on line 131
[23-Apr-2020 22:49:39 Asia/Shanghai] PHP Warning:  Invalid argument supplied for foreach() in /code/php/pinche/core/mysql.class.php on line 95
[23-Apr-2020 22:49:39 Asia/Shanghai] PHP Notice:  Undefined index: drip_id in /code/php/pinche/v2/dripData.php on line 131
[23-Apr-2020 22:49:39 Asia/Shanghai] PHP Notice:  Undefined index: id in /code/php/pinche/v2/dripData.php on line 131
[23-Apr-2020 22:49:39 Asia/Shanghai] PHP Warning:  Invalid argument supplied for foreach() in /code/php/pinche/core/mysql.class.php on line 95
[23-Apr-2020 22:49:39 Asia/Shanghai] PHP Notice:  Undefined index: drip_id in /code/php/pinche/v2/dripData.php on line 131
[23-Apr-2020 22:49:39 Asia/Shanghai] PHP Notice:  Undefined index: id in /code/php/pinche/v2/dripData.php on line 131
[23-Apr-2020 22:49:39 Asia/Shanghai] PHP Warning:  Invalid argument supplied for foreach() in /code/php/pinche/core/mysql.class.php on line 95
[23-Apr-2020 22:49:39 Asia/Shanghai] PHP Notice:  Undefined index: drip_id in /code/php/pinche/v2/dripData.php on line 131
[23-Apr-2020 22:49:39 Asia/Shanghai] PHP Notice:  Undefined index: id in /code/php/pinche/v2/dripData.php on line 131
[23-Apr-2020 22:49:40 Asia/Shanghai] PHP Warning:  Invalid argument supplied for foreach() in /code/php/pinche/core/mysql.class.php on line 95
[23-Apr-2020 22:49:40 Asia/Shanghai] PHP Notice:  Undefined index: drip_id in /code/php/pinche/v2/dripData.php on line 131
[23-Apr-2020 22:49:40 Asia/Shanghai] PHP Notice:  Undefined index: id in /code/php/pinche/v2/dripData.php on line 131
[23-Apr-2020 22:49:40 Asia/Shanghai] PHP Warning:  Invalid argument supplied for foreach() in /code/php/pinche/core/mysql.class.php on line 95
[23-Apr-2020 22:49:40 Asia/Shanghai] PHP Notice:  Undefined index: drip_id in /code/php/pinche/v2/dripData.php on line 131
[23-Apr-2020 22:49:40 Asia/Shanghai] PHP Notice:  Undefined index: id in /code/php/pinche/v2/dripData.php on line 131
[23-Apr-2020 22:49:40 Asia/Shanghai] PHP Warning:  Invalid argument supplied for foreach() in /code/php/pinche/core/mysql.class.php on line 95
[23-Apr-2020 22:49:40 Asia/Shanghai] PHP Notice:  Undefined index: drip_id in /code/php/pinche/v2/dripData.php on line 131
[23-Apr-2020 22:49:40 Asia/Shanghai] PHP Notice:  Undefined index: id in /code/php/pinche/v2/dripData.php on line 131
[23-Apr-2020 22:49:40 Asia/Shanghai] PHP Warning:  Invalid argument supplied for foreach() in /code/php/pinche/core/mysql.class.php on line 95
[23-Apr-2020 22:49:40 Asia/Shanghai] PHP Notice:  Undefined index: drip_id in /code/php/pinche/v2/dripData.php on line 131
[23-Apr-2020 22:49:40 Asia/Shanghai] PHP Notice:  Undefined index: id in /code/php/pinche/v2/dripData.php on line 131
[23-Apr-2020 22:49:40 Asia/Shanghai] PHP Warning:  Invalid argument supplied for foreach() in /code/php/pinche/core/mysql.class.php on line 95
[23-Apr-2020 22:49:40 Asia/Shanghai] PHP Notice:  Undefined index: drip_id in /code/php/pinche/v2/dripData.php on line 131
[23-Apr-2020 22:49:40 Asia/Shanghai] PHP Notice:  Undefined index: id in /code/php/pinche/v2/dripData.php on line 131
[23-Apr-2020 22:49:40 Asia/Shanghai] PHP Warning:  Invalid argument supplied for foreach() in /code/php/pinche/core/mysql.class.php on line 95
[23-Apr-2020 22:49:40 Asia/Shanghai] PHP Notice:  Undefined index: drip_id in /code/php/pinche/v2/dripData.php on line 131
[23-Apr-2020 22:49:40 Asia/Shanghai] PHP Notice:  Undefined index: id in /code/php/pinche/v2/dripData.php on line 131
[23-Apr-2020 22:49:40 Asia/Shanghai] PHP Warning:  Invalid argument supplied for foreach() in /code/php/pinche/core/mysql.class.php on line 95
[23-Apr-2020 22:49:40 Asia/Shanghai] PHP Notice:  Undefined index: drip_id in /code/php/pinche/v2/dripData.php on line 131
[23-Apr-2020 22:49:40 Asia/Shanghai] PHP Notice:  Undefined index: id in /code/php/pinche/v2/dripData.php on line 131
[23-Apr-2020 22:49:40 Asia/Shanghai] PHP Warning:  Invalid argument supplied for foreach() in /code/php/pinche/core/mysql.class.php on line 95
[23-Apr-2020 22:49:40 Asia/Shanghai] PHP Notice:  Undefined index: drip_id in /code/php/pinche/v2/dripData.php on line 131
[23-Apr-2020 22:49:40 Asia/Shanghai] PHP Notice:  Undefined index: id in /code/php/pinche/v2/dripData.php on line 131
[23-Apr-2020 22:49:40 Asia/Shanghai] PHP Warning:  Invalid argument supplied for foreach() in /code/php/pinche/core/mysql.class.php on line 95
[23-Apr-2020 22:49:40 Asia/Shanghai] PHP Notice:  Undefined index: drip_id in /code/php/pinche/v2/dripData.php on line 131
[23-Apr-2020 22:49:40 Asia/Shanghai] PHP Notice:  Undefined index: id in /code/php/pinche/v2/dripData.php on line 131
[23-Apr-2020 22:49:40 Asia/Shanghai] PHP Warning:  Invalid argument supplied for foreach() in /code/php/pinche/core/mysql.class.php on line 95
[23-Apr-2020 22:49:40 Asia/Shanghai] PHP Notice:  Undefined index: drip_id in /code/php/pinche/v2/dripData.php on line 131
[23-Apr-2020 22:49:40 Asia/Shanghai] PHP Notice:  Undefined index: id in /code/php/pinche/v2/dripData.php on line 131
[23-Apr-2020 22:49:40 Asia/Shanghai] PHP Warning:  Invalid argument supplied for foreach() in /code/php/pinche/core/mysql.class.php on line 95
[23-Apr-2020 22:49:40 Asia/Shanghai] PHP Notice:  Undefined index: drip_id in /code/php/pinche/v2/dripData.php on line 131
[23-Apr-2020 22:49:40 Asia/Shanghai] PHP Notice:  Undefined index: id in /code/php/pinche/v2/dripData.php on line 131
[23-Apr-2020 22:49:40 Asia/Shanghai] PHP Warning:  Invalid argument supplied for foreach() in /code/php/pinche/core/mysql.class.php on line 95
[23-Apr-2020 22:49:40 Asia/Shanghai] PHP Notice:  Undefined index: drip_id in /code/php/pinche/v2/dripData.php on line 131
[23-Apr-2020 22:49:40 Asia/Shanghai] PHP Notice:  Undefined index: id in /code/php/pinche/v2/dripData.php on line 131
[23-Apr-2020 22:49:40 Asia/Shanghai] PHP Warning:  Invalid argument supplied for foreach() in /code/php/pinche/core/mysql.class.php on line 95
[23-Apr-2020 22:49:40 Asia/Shanghai] PHP Notice:  Undefined index: drip_id in /code/php/pinche/v2/dripData.php on line 131
[23-Apr-2020 22:49:40 Asia/Shanghai] PHP Notice:  Undefined index: id in /code/php/pinche/v2/dripData.php on line 131
[23-Apr-2020 22:49:40 Asia/Shanghai] PHP Warning:  Invalid argument supplied for foreach() in /code/php/pinche/core/mysql.class.php on line 95
[23-Apr-2020 22:49:40 Asia/Shanghai] PHP Notice:  Undefined index: drip_id in /code/php/pinche/v2/dripData.php on line 131
[23-Apr-2020 22:49:40 Asia/Shanghai] PHP Notice:  Undefined index: id in /code/php/pinche/v2/dripData.php on line 131
[23-Apr-2020 22:49:40 Asia/Shanghai] PHP Warning:  Invalid argument supplied for foreach() in /code/php/pinche/core/mysql.class.php on line 95
[23-Apr-2020 22:49:40 Asia/Shanghai] PHP Notice:  Undefined index: drip_id in /code/php/pinche/v2/dripData.php on line 131
[23-Apr-2020 22:49:40 Asia/Shanghai] PHP Notice:  Undefined index: id in /code/php/pinche/v2/dripData.php on line 131
[23-Apr-2020 22:49:40 Asia/Shanghai] PHP Warning:  Invalid argument supplied for foreach() in /code/php/pinche/core/mysql.class.php on line 95
[23-Apr-2020 22:49:40 Asia/Shanghai] PHP Notice:  Undefined index: drip_id in /code/php/pinche/v2/dripData.php on line 131
[23-Apr-2020 22:49:40 Asia/Shanghai] PHP Notice:  Undefined index: id in /code/php/pinche/v2/dripData.php on line 131
[23-Apr-2020 22:49:40 Asia/Shanghai] PHP Warning:  Invalid argument supplied for foreach() in /code/php/pinche/core/mysql.class.php on line 95
[23-Apr-2020 22:49:40 Asia/Shanghai] PHP Notice:  Undefined index: drip_id in /code/php/pinche/v2/dripData.php on line 131
[23-Apr-2020 22:49:40 Asia/Shanghai] PHP Notice:  Undefined index: id in /code/php/pinche/v2/dripData.php on line 131
[23-Apr-2020 22:49:40 Asia/Shanghai] PHP Warning:  Invalid argument supplied for foreach() in /code/php/pinche/core/mysql.class.php on line 95
[23-Apr-2020 22:49:40 Asia/Shanghai] PHP Notice:  Undefined index: drip_id in /code/php/pinche/v2/dripData.php on line 131
[23-Apr-2020 22:49:40 Asia/Shanghai] PHP Notice:  Undefined index: id in /code/php/pinche/v2/dripData.php on line 131
[23-Apr-2020 22:49:40 Asia/Shanghai] PHP Warning:  Invalid argument supplied for foreach() in /code/php/pinche/core/mysql.class.php on line 95
[23-Apr-2020 22:49:40 Asia/Shanghai] PHP Notice:  Undefined index: drip_id in /code/php/pinche/v2/dripData.php on line 131
[23-Apr-2020 22:49:40 Asia/Shanghai] PHP Notice:  Undefined index: id in /code/php/pinche/v2/dripData.php on line 131
[23-Apr-2020 22:49:40 Asia/Shanghai] PHP Warning:  Invalid argument supplied for foreach() in /code/php/pinche/core/mysql.class.php on line 95
[23-Apr-2020 22:49:40 Asia/Shanghai] PHP Notice:  Undefined index: drip_id in /code/php/pinche/v2/dripData.php on line 131
[23-Apr-2020 22:49:40 Asia/Shanghai] PHP Notice:  Undefined index: id in /code/php/pinche/v2/dripData.php on line 131
[23-Apr-2020 22:49:40 Asia/Shanghai] PHP Warning:  Invalid argument supplied for foreach() in /code/php/pinche/core/mysql.class.php on line 95
[23-Apr-2020 22:49:40 Asia/Shanghai] PHP Notice:  Undefined index: drip_id in /code/php/pinche/v2/dripData.php on line 131
[23-Apr-2020 22:49:40 Asia/Shanghai] PHP Notice:  Undefined index: id in /code/php/pinche/v2/dripData.php on line 131
[23-Apr-2020 22:55:32 Asia/Shanghai] PHP Warning:  Invalid argument supplied for foreach() in /code/php/pinche/core/mysql.class.php on line 95
[23-Apr-2020 22:55:32 Asia/Shanghai] PHP Warning:  Invalid argument supplied for foreach() in /code/php/pinche/core/mysql.class.php on line 95
[23-Apr-2020 22:55:32 Asia/Shanghai] PHP Warning:  Invalid argument supplied for foreach() in /code/php/pinche/core/mysql.class.php on line 95
[23-Apr-2020 22:55:32 Asia/Shanghai] PHP Warning:  Invalid argument supplied for foreach() in /code/php/pinche/core/mysql.class.php on line 95
[23-Apr-2020 22:55:32 Asia/Shanghai] PHP Warning:  Invalid argument supplied for foreach() in /code/php/pinche/core/mysql.class.php on line 95
[23-Apr-2020 22:55:32 Asia/Shanghai] PHP Warning:  Invalid argument supplied for foreach() in /code/php/pinche/core/mysql.class.php on line 95
[23-Apr-2020 22:55:32 Asia/Shanghai] PHP Warning:  Invalid argument supplied for foreach() in /code/php/pinche/core/mysql.class.php on line 95
[23-Apr-2020 23:04:02 Asia/Shanghai] PHP Fatal error:  Uncaught Error: Call to undefined function replaceWithStar() in /code/php/pinche/v2/show.php:119
Stack trace:
#0 {main}
  thrown in /code/php/pinche/v2/show.php on line 119
[23-Apr-2020 23:04:10 Asia/Shanghai] PHP Fatal error:  Uncaught Error: Call to undefined function replaceWithStar() in /code/php/pinche/v2/show.php:119
Stack trace:
#0 {main}
  thrown in /code/php/pinche/v2/show.php on line 119
[24-Apr-2020 08:16:27 Asia/Shanghai] PHP Warning:  Invalid argument supplied for foreach() in /code/php/pinche/core/mysql.class.php on line 95
[24-Apr-2020 08:16:27 Asia/Shanghai] PHP Warning:  Invalid argument supplied for foreach() in /code/php/pinche/core/mysql.class.php on line 95
[24-Apr-2020 08:16:27 Asia/Shanghai] PHP Warning:  Invalid argument supplied for foreach() in /code/php/pinche/core/mysql.class.php on line 95
[24-Apr-2020 08:16:27 Asia/Shanghai] PHP Warning:  Invalid argument supplied for foreach() in /code/php/pinche/core/mysql.class.php on line 95
[24-Apr-2020 08:16:27 Asia/Shanghai] PHP Warning:  Invalid argument supplied for foreach() in /code/php/pinche/core/mysql.class.php on line 95
[24-Apr-2020 08:16:27 Asia/Shanghai] PHP Warning:  Invalid argument supplied for foreach() in /code/php/pinche/core/mysql.class.php on line 95
[24-Apr-2020 08:16:27 Asia/Shanghai] PHP Warning:  Invalid argument supplied for foreach() in /code/php/pinche/core/mysql.class.php on line 95
[24-Apr-2020 08:16:27 Asia/Shanghai] PHP Warning:  Invalid argument supplied for foreach() in /code/php/pinche/core/mysql.class.php on line 95
[24-Apr-2020 08:16:43 Asia/Shanghai] PHP Notice:  Undefined variable: rows in /code/php/pinche/core/mysql.class.php on line 89
[24-Apr-2020 08:16:43 Asia/Shanghai] PHP Warning:  Invalid argument supplied for foreach() in /code/php/pinche/v2/show.php on line 105
[24-Apr-2020 08:16:57 Asia/Shanghai] PHP Notice:  Undefined variable: rows in /code/php/pinche/core/mysql.class.php on line 89
[24-Apr-2020 08:16:59 Asia/Shanghai] PHP Notice:  Undefined variable: rows in /code/php/pinche/core/mysql.class.php on line 89
[24-Apr-2020 10:44:42 Asia/Shanghai] PHP Warning:  Invalid argument supplied for foreach() in /code/php/pinche/core/mysql.class.php on line 95
[24-Apr-2020 10:44:42 Asia/Shanghai] PHP Warning:  Invalid argument supplied for foreach() in /code/php/pinche/core/mysql.class.php on line 95
[24-Apr-2020 10:44:42 Asia/Shanghai] PHP Warning:  Invalid argument supplied for foreach() in /code/php/pinche/core/mysql.class.php on line 95
[24-Apr-2020 10:44:42 Asia/Shanghai] PHP Warning:  Invalid argument supplied for foreach() in /code/php/pinche/core/mysql.class.php on line 95
[24-Apr-2020 10:44:42 Asia/Shanghai] PHP Warning:  Invalid argument supplied for foreach() in /code/php/pinche/core/mysql.class.php on line 95
[24-Apr-2020 10:44:42 Asia/Shanghai] PHP Warning:  Invalid argument supplied for foreach() in /code/php/pinche/core/mysql.class.php on line 95
[24-Apr-2020 10:44:42 Asia/Shanghai] PHP Warning:  Invalid argument supplied for foreach() in /code/php/pinche/core/mysql.class.php on line 95
[24-Apr-2020 10:44:42 Asia/Shanghai] PHP Warning:  Invalid argument supplied for foreach() in /code/php/pinche/core/mysql.class.php on line 95
[24-Apr-2020 10:45:42 Asia/Shanghai] PHP Warning:  Invalid argument supplied for foreach() in /code/php/pinche/core/mysql.class.php on line 95
[24-Apr-2020 10:45:42 Asia/Shanghai] PHP Warning:  Invalid argument supplied for foreach() in /code/php/pinche/core/mysql.class.php on line 95
[24-Apr-2020 10:45:42 Asia/Shanghai] PHP Warning:  Invalid argument supplied for foreach() in /code/php/pinche/core/mysql.class.php on line 95
[24-Apr-2020 10:45:42 Asia/Shanghai] PHP Warning:  Invalid argument supplied for foreach() in /code/php/pinche/core/mysql.class.php on line 95
[24-Apr-2020 10:45:42 Asia/Shanghai] PHP Warning:  Invalid argument supplied for foreach() in /code/php/pinche/core/mysql.class.php on line 95
[24-Apr-2020 10:45:42 Asia/Shanghai] PHP Warning:  Invalid argument supplied for foreach() in /code/php/pinche/core/mysql.class.php on line 95
[24-Apr-2020 10:45:42 Asia/Shanghai] PHP Warning:  Invalid argument supplied for foreach() in /code/php/pinche/core/mysql.class.php on line 95
[24-Apr-2020 10:45:42 Asia/Shanghai] PHP Warning:  Invalid argument supplied for foreach() in /code/php/pinche/core/mysql.class.php on line 95
[24-Apr-2020 21:44:17 Asia/Shanghai] PHP Notice:  Undefined variable: rows in /code/php/pinche/core/mysql.class.php on line 89
[24-Apr-2020 21:44:17 Asia/Shanghai] PHP Warning:  Invalid argument supplied for foreach() in /code/php/pinche/v2/show.php on line 104
[24-Apr-2020 21:45:00 Asia/Shanghai] PHP Notice:  Undefined variable: rows in /code/php/pinche/core/mysql.class.php on line 89
[24-Apr-2020 21:45:00 Asia/Shanghai] PHP Warning:  Invalid argument supplied for foreach() in /code/php/pinche/v2/show.php on line 104
[24-Apr-2020 21:45:09 Asia/Shanghai] PHP Notice:  Undefined variable: rows in /code/php/pinche/core/mysql.class.php on line 89
[24-Apr-2020 21:45:09 Asia/Shanghai] PHP Warning:  Invalid argument supplied for foreach() in /code/php/pinche/v2/show.php on line 104
[24-Apr-2020 21:45:10 Asia/Shanghai] PHP Notice:  Undefined variable: rows in /code/php/pinche/core/mysql.class.php on line 89
[24-Apr-2020 21:45:10 Asia/Shanghai] PHP Warning:  Invalid argument supplied for foreach() in /code/php/pinche/v2/show.php on line 104
[24-Apr-2020 21:45:11 Asia/Shanghai] PHP Notice:  Undefined variable: rows in /code/php/pinche/core/mysql.class.php on line 89
[24-Apr-2020 21:45:11 Asia/Shanghai] PHP Warning:  Invalid argument supplied for foreach() in /code/php/pinche/v2/show.php on line 104
[24-Apr-2020 21:45:11 Asia/Shanghai] PHP Notice:  Undefined variable: rows in /code/php/pinche/core/mysql.class.php on line 89
[24-Apr-2020 21:45:12 Asia/Shanghai] PHP Warning:  Invalid argument supplied for foreach() in /code/php/pinche/v2/show.php on line 104
[24-Apr-2020 21:45:12 Asia/Shanghai] PHP Warning:  Invalid argument supplied for foreach() in /code/php/pinche/core/mysql.class.php on line 95
[24-Apr-2020 21:45:12 Asia/Shanghai] PHP Warning:  Invalid argument supplied for foreach() in /code/php/pinche/core/mysql.class.php on line 95
[24-Apr-2020 21:45:12 Asia/Shanghai] PHP Warning:  Invalid argument supplied for foreach() in /code/php/pinche/core/mysql.class.php on line 95
[24-Apr-2020 21:45:12 Asia/Shanghai] PHP Warning:  Invalid argument supplied for foreach() in /code/php/pinche/core/mysql.class.php on line 95
[24-Apr-2020 21:45:12 Asia/Shanghai] PHP Warning:  Invalid argument supplied for foreach() in /code/php/pinche/core/mysql.class.php on line 95
[24-Apr-2020 21:45:12 Asia/Shanghai] PHP Warning:  Invalid argument supplied for foreach() in /code/php/pinche/core/mysql.class.php on line 95
[24-Apr-2020 21:45:12 Asia/Shanghai] PHP Warning:  Invalid argument supplied for foreach() in /code/php/pinche/core/mysql.class.php on line 95
[24-Apr-2020 21:45:12 Asia/Shanghai] PHP Warning:  Invalid argument supplied for foreach() in /code/php/pinche/core/mysql.class.php on line 95
[24-Apr-2020 21:45:12 Asia/Shanghai] PHP Warning:  Invalid argument supplied for foreach() in /code/php/pinche/core/mysql.class.php on line 95
[24-Apr-2020 21:45:12 Asia/Shanghai] PHP Warning:  Invalid argument supplied for foreach() in /code/php/pinche/core/mysql.class.php on line 95
[24-Apr-2020 21:45:12 Asia/Shanghai] PHP Warning:  Invalid argument supplied for foreach() in /code/php/pinche/core/mysql.class.php on line 95
[24-Apr-2020 21:45:12 Asia/Shanghai] PHP Warning:  Invalid argument supplied for foreach() in /code/php/pinche/core/mysql.class.php on line 95
[24-Apr-2020 21:45:12 Asia/Shanghai] PHP Warning:  Invalid argument supplied for foreach() in /code/php/pinche/core/mysql.class.php on line 95
[24-Apr-2020 21:45:12 Asia/Shanghai] PHP Warning:  Invalid argument supplied for foreach() in /code/php/pinche/core/mysql.class.php on line 95
[24-Apr-2020 21:45:12 Asia/Shanghai] PHP Warning:  Invalid argument supplied for foreach() in /code/php/pinche/core/mysql.class.php on line 95
[24-Apr-2020 21:45:12 Asia/Shanghai] PHP Warning:  Invalid argument supplied for foreach() in /code/php/pinche/core/mysql.class.php on line 95
[24-Apr-2020 21:45:12 Asia/Shanghai] PHP Warning:  Invalid argument supplied for foreach() in /code/php/pinche/core/mysql.class.php on line 95
[24-Apr-2020 21:45:12 Asia/Shanghai] PHP Warning:  Invalid argument supplied for foreach() in /code/php/pinche/core/mysql.class.php on line 95
[24-Apr-2020 21:45:12 Asia/Shanghai] PHP Warning:  Invalid argument supplied for foreach() in /code/php/pinche/core/mysql.class.php on line 95
[24-Apr-2020 21:45:12 Asia/Shanghai] PHP Warning:  Invalid argument supplied for foreach() in /code/php/pinche/core/mysql.class.php on line 95
[24-Apr-2020 21:45:12 Asia/Shanghai] PHP Warning:  Invalid argument supplied for foreach() in /code/php/pinche/core/mysql.class.php on line 95
[24-Apr-2020 21:45:12 Asia/Shanghai] PHP Warning:  Invalid argument supplied for foreach() in /code/php/pinche/core/mysql.class.php on line 95
[24-Apr-2020 21:45:12 Asia/Shanghai] PHP Warning:  Invalid argument supplied for foreach() in /code/php/pinche/core/mysql.class.php on line 95
[24-Apr-2020 21:45:12 Asia/Shanghai] PHP Warning:  Invalid argument supplied for foreach() in /code/php/pinche/core/mysql.class.php on line 95
[24-Apr-2020 21:45:12 Asia/Shanghai] PHP Warning:  Invalid argument supplied for foreach() in /code/php/pinche/core/mysql.class.php on line 95
[24-Apr-2020 21:45:12 Asia/Shanghai] PHP Warning:  Invalid argument supplied for foreach() in /code/php/pinche/core/mysql.class.php on line 95
[24-Apr-2020 21:45:12 Asia/Shanghai] PHP Warning:  Invalid argument supplied for foreach() in /code/php/pinche/core/mysql.class.php on line 95
[24-Apr-2020 21:45:12 Asia/Shanghai] PHP Warning:  Invalid argument supplied for foreach() in /code/php/pinche/core/mysql.class.php on line 95
[24-Apr-2020 21:45:12 Asia/Shanghai] PHP Warning:  Invalid argument supplied for foreach() in /code/php/pinche/core/mysql.class.php on line 95
[24-Apr-2020 21:45:12 Asia/Shanghai] PHP Warning:  Invalid argument supplied for foreach() in /code/php/pinche/core/mysql.class.php on line 95
[24-Apr-2020 21:45:12 Asia/Shanghai] PHP Warning:  Invalid argument supplied for foreach() in /code/php/pinche/core/mysql.class.php on line 95
[24-Apr-2020 21:45:12 Asia/Shanghai] PHP Warning:  Invalid argument supplied for foreach() in /code/php/pinche/core/mysql.class.php on line 95
[24-Apr-2020 21:45:12 Asia/Shanghai] PHP Warning:  Invalid argument supplied for foreach() in /code/php/pinche/core/mysql.class.php on line 95
[24-Apr-2020 21:45:12 Asia/Shanghai] PHP Warning:  Invalid argument supplied for foreach() in /code/php/pinche/core/mysql.class.php on line 95
[24-Apr-2020 21:45:12 Asia/Shanghai] PHP Warning:  Invalid argument supplied for foreach() in /code/php/pinche/core/mysql.class.php on line 95
[24-Apr-2020 21:45:12 Asia/Shanghai] PHP Warning:  Invalid argument supplied for foreach() in /code/php/pinche/core/mysql.class.php on line 95
[24-Apr-2020 21:45:12 Asia/Shanghai] PHP Warning:  Invalid argument supplied for foreach() in /code/php/pinche/core/mysql.class.php on line 95
[24-Apr-2020 21:45:12 Asia/Shanghai] PHP Warning:  Invalid argument supplied for foreach() in /code/php/pinche/core/mysql.class.php on line 95
[24-Apr-2020 21:45:12 Asia/Shanghai] PHP Warning:  Invalid argument supplied for foreach() in /code/php/pinche/core/mysql.class.php on line 95
[24-Apr-2020 21:45:12 Asia/Shanghai] PHP Warning:  Invalid argument supplied for foreach() in /code/php/pinche/core/mysql.class.php on line 95
[24-Apr-2020 21:45:12 Asia/Shanghai] PHP Warning:  Invalid argument supplied for foreach() in /code/php/pinche/core/mysql.class.php on line 95
[24-Apr-2020 21:45:12 Asia/Shanghai] PHP Warning:  Invalid argument supplied for foreach() in /code/php/pinche/core/mysql.class.php on line 95
[24-Apr-2020 21:45:12 Asia/Shanghai] PHP Warning:  Invalid argument supplied for foreach() in /code/php/pinche/core/mysql.class.php on line 95
[24-Apr-2020 21:45:12 Asia/Shanghai] PHP Warning:  Invalid argument supplied for foreach() in /code/php/pinche/core/mysql.class.php on line 95
[24-Apr-2020 21:45:12 Asia/Shanghai] PHP Warning:  Invalid argument supplied for foreach() in /code/php/pinche/core/mysql.class.php on line 95
[24-Apr-2020 21:45:12 Asia/Shanghai] PHP Warning:  Invalid argument supplied for foreach() in /code/php/pinche/core/mysql.class.php on line 95
[24-Apr-2020 21:45:12 Asia/Shanghai] PHP Warning:  Invalid argument supplied for foreach() in /code/php/pinche/core/mysql.class.php on line 95
[24-Apr-2020 21:45:12 Asia/Shanghai] PHP Warning:  Invalid argument supplied for foreach() in /code/php/pinche/core/mysql.class.php on line 95
[24-Apr-2020 21:45:12 Asia/Shanghai] PHP Warning:  Invalid argument supplied for foreach() in /code/php/pinche/core/mysql.class.php on line 95
[24-Apr-2020 21:45:12 Asia/Shanghai] PHP Warning:  Invalid argument supplied for foreach() in /code/php/pinche/core/mysql.class.php on line 95
[24-Apr-2020 21:45:12 Asia/Shanghai] PHP Warning:  Invalid argument supplied for foreach() in /code/php/pinche/core/mysql.class.php on line 95
[24-Apr-2020 21:45:12 Asia/Shanghai] PHP Warning:  Invalid argument supplied for foreach() in /code/php/pinche/core/mysql.class.php on line 95
[24-Apr-2020 21:45:12 Asia/Shanghai] PHP Warning:  Invalid argument supplied for foreach() in /code/php/pinche/core/mysql.class.php on line 95
[24-Apr-2020 21:45:12 Asia/Shanghai] PHP Warning:  Invalid argument supplied for foreach() in /code/php/pinche/core/mysql.class.php on line 95
[24-Apr-2020 21:51:01 Asia/Shanghai] PHP Warning:  Invalid argument supplied for foreach() in /code/php/pinche/core/mysql.class.php on line 95
